2026-06-14 17:03:17 | {"event": "login_success", "outcome": "success", "actor_id": "3480ed30-2b68-4025-a87e-8b7d8d4b9799", "actor_email": "mahdieh.hosseini382@gmail.com", "actor_role": "donor", "target_id": null, "target_email": null, "details": {}}
2026-06-14 17:12:51 | {"event": "login_success", "outcome": "success", "actor_id": "b8415568-9282-4fbd-85c7-0e5c31127bea", "actor_email": "mahdieh.hosseini382@gmail.com", "actor_role": "donor", "target_id": null, "target_email": null, "details": {}}
2026-06-14 20:04:19 | {"event": "login_success", "outcome": "success", "actor_id": "b8415568-9282-4fbd-85c7-0e5c31127bea", "actor_email": "mahdieh.hosseini382@gmail.com", "actor_role": "donor", "target_id": null, "target_email": null, "details": {}}
2026-06-14 20:17:43 | {"event": "login_success", "outcome": "success", "actor_id": "b8415568-9282-4fbd-85c7-0e5c31127bea", "actor_email": "mahdieh.hosseini382@gmail.com", "actor_role": "admin", "target_id": null, "target_email": null, "details": {}}
2026-06-14 20:18:15 | {"event": "admin_list_roles", "outcome": "success", "actor_id": "b8415568-9282-4fbd-85c7-0e5c31127bea", "actor_email": "mahdieh.hosseini382@gmail.com", "actor_role": "admin", "target_id": null, "target_email": null, "details": {}}
2026-06-14 20:27:46 | {"event": "login_success", "outcome": "success", "actor_id": "a18033f3-3c50-4d26-b468-ca51c057ea38", "actor_email": "zrastgoo02@gmail.com", "actor_role": "donor", "target_id": null, "target_email": null, "details": {}}
2026-06-14 20:28:28 | {"event": "login_success", "outcome": "success", "actor_id": "b8415568-9282-4fbd-85c7-0e5c31127bea", "actor_email": "mahdieh.hosseini382@gmail.com", "actor_role": "admin", "target_id": null, "target_email": null, "details": {}}
2026-06-14 20:28:59 | {"event": "admin_list_users", "outcome": "success", "actor_id": "b8415568-9282-4fbd-85c7-0e5c31127bea", "actor_email": "mahdieh.hosseini382@gmail.com", "actor_role": "admin", "target_id": null, "target_email": null, "details": {}}
2026-06-14 20:29:51 | {"event": "admin_get_user_detail", "outcome": "success", "actor_id": "b8415568-9282-4fbd-85c7-0e5c31127bea", "actor_email": "mahdieh.hosseini382@gmail.com", "actor_role": "admin", "target_id": "a18033f3-3c50-4d26-b468-ca51c057ea38", "target_email": "zrastgoo02@gmail.com", "details": {}}
2026-06-14 20:30:12 | {"event": "admin_list_roles", "outcome": "success", "actor_id": "b8415568-9282-4fbd-85c7-0e5c31127bea", "actor_email": "mahdieh.hosseini382@gmail.com", "actor_role": "admin", "target_id": null, "target_email": null, "details": {}}
2026-06-14 20:42:51 | {"event": "login_success", "outcome": "success", "actor_id": "b8415568-9282-4fbd-85c7-0e5c31127bea", "actor_email": "mahdieh.hosseini382@gmail.com", "actor_role": "admin", "target_id": null, "target_email": null, "details": {}}
2026-06-14 20:43:59 | {"event": "admin_create_verifier", "outcome": "success", "actor_id": "b8415568-9282-4fbd-85c7-0e5c31127bea", "actor_email": "mahdieh.hosseini382@gmail.com", "actor_role": "admin", "target_id": "7114e136-321c-47e6-8242-fa8d4b20ac4a", "target_email": "user@gmail.com", "details": {"assigned_role": "verifier"}}
2026-06-14 20:45:58 | {"event": "admin_create_verifier", "outcome": "failure", "actor_id": "b8415568-9282-4fbd-85c7-0e5c31127bea", "actor_email": "mahdieh.hosseini382@gmail.com", "actor_role": "admin", "target_id": null, "target_email": null, "details": {"email": "zrastgoo02@gmail.com", "reason": "A user with this email already exists"}}
2026-06-15 14:04:11 | {"event": "login_success", "outcome": "success", "actor_id": "b8415568-9282-4fbd-85c7-0e5c31127bea", "actor_email": "mahdieh.hosseini382@gmail.com", "actor_role": "admin", "target_id": null, "target_email": null, "details": {}}
2026-06-15 20:15:06 | {"event": "login_success", "outcome": "success", "actor_id": "a18033f3-3c50-4d26-b468-ca51c057ea38", "actor_email": "zrastgoo02@gmail.com", "actor_role": "donor", "target_id": null, "target_email": null, "details": {}}
2026-06-16 20:50:24 | {"event": "login_success", "outcome": "success", "actor_id": "b8415568-9282-4fbd-85c7-0e5c31127bea", "actor_email": "mahdieh.hosseini382@gmail.com", "actor_role": "admin", "target_id": null, "target_email": null, "details": {}}
2026-06-16 20:50:52 | {"event": "login_success", "outcome": "success", "actor_id": "a18033f3-3c50-4d26-b468-ca51c057ea38", "actor_email": "zrastgoo02@gmail.com", "actor_role": "donor", "target_id": null, "target_email": null, "details": {}}
2026-06-16 21:22:47 | {"event": "login_success", "outcome": "success", "actor_id": "a18033f3-3c50-4d26-b468-ca51c057ea38", "actor_email": "zrastgoo02@gmail.com", "actor_role": "donor", "target_id": null, "target_email": null, "details": {}}
2026-06-16 21:26:26 | {"event": "login_success", "outcome": "success", "actor_id": "a18033f3-3c50-4d26-b468-ca51c057ea38", "actor_email": "zrastgoo02@gmail.com", "actor_role": "donor", "target_id": null, "target_email": null, "details": {}}
2026-06-16 23:36:01 | {"event": "login_success", "outcome": "success", "actor_id": "a18033f3-3c50-4d26-b468-ca51c057ea38", "actor_email": "zrastgoo02@gmail.com", "actor_role": "donor", "target_id": null, "target_email": null, "details": {}}
2026-06-16 23:40:45 | {"event": "login_success", "outcome": "success", "actor_id": "a18033f3-3c50-4d26-b468-ca51c057ea38", "actor_email": "zrastgoo02@gmail.com", "actor_role": "donor", "target_id": null, "target_email": null, "details": {}}
2026-06-17 00:36:30 | {"event": "login_success", "outcome": "success", "actor_id": "a18033f3-3c50-4d26-b468-ca51c057ea38", "actor_email": "zrastgoo02@gmail.com", "actor_role": "donor", "target_id": null, "target_email": null, "details": {}}
2026-06-17 01:21:54 | {"event": "login_success", "outcome": "success", "actor_id": "b8415568-9282-4fbd-85c7-0e5c31127bea", "actor_email": "mahdieh.hosseini382@gmail.com", "actor_role": "admin", "target_id": null, "target_email": null, "details": {}}
2026-06-17 01:28:23 | {"event": "admin_create_verifier", "outcome": "success", "actor_id": "b8415568-9282-4fbd-85c7-0e5c31127bea", "actor_email": "mahdieh.hosseini382@gmail.com", "actor_role": "admin", "target_id": "e56418ea-fbca-43de-9ee7-fb6313378d86", "target_email": "mahdieh.hosseini1378@gmail.com", "details": {"assigned_role": "verifier"}}
2026-06-17 01:40:35 | {"event": "admin_create_verifier", "outcome": "failure", "actor_id": "b8415568-9282-4fbd-85c7-0e5c31127bea", "actor_email": "mahdieh.hosseini382@gmail.com", "actor_role": "admin", "target_id": null, "target_email": null, "details": {"email": "mahdieh.hosseini1378@gmail.com", "reason": "A user with this email already exists"}}
2026-06-17 01:40:39 | {"event": "admin_create_verifier", "outcome": "failure", "actor_id": "b8415568-9282-4fbd-85c7-0e5c31127bea", "actor_email": "mahdieh.hosseini382@gmail.com", "actor_role": "admin", "target_id": null, "target_email": null, "details": {"email": "mahdieh.hosseini1378@gmail.com", "reason": "A user with this email already exists"}}
2026-06-17 01:42:50 | {"event": "admin_create_verifier", "outcome": "success", "actor_id": "b8415568-9282-4fbd-85c7-0e5c31127bea", "actor_email": "mahdieh.hosseini382@gmail.com", "actor_role": "admin", "target_id": "c63f83b0-e242-433d-b2bb-695176ef252c", "target_email": "mahdieh.hosseini1378@gmail.com", "details": {"assigned_role": "verifier"}}
2026-06-17 10:47:17 | {"event": "login_success", "outcome": "success", "actor_id": "b8415568-9282-4fbd-85c7-0e5c31127bea", "actor_email": "mahdieh.hosseini382@gmail.com", "actor_role": "admin", "target_id": null, "target_email": null, "details": {}}
2026-06-17 10:48:48 | {"event": "admin_list_users", "outcome": "success", "actor_id": "b8415568-9282-4fbd-85c7-0e5c31127bea", "actor_email": "mahdieh.hosseini382@gmail.com", "actor_role": "admin", "target_id": null, "target_email": null, "details": {}}
2026-06-17 10:59:13 | {"event": "admin_list_roles", "outcome": "success", "actor_id": "b8415568-9282-4fbd-85c7-0e5c31127bea", "actor_email": "mahdieh.hosseini382@gmail.com", "actor_role": "admin", "target_id": null, "target_email": null, "details": {}}
2026-06-17 11:00:45 | {"event": "admin_create_verifier", "outcome": "success", "actor_id": "b8415568-9282-4fbd-85c7-0e5c31127bea", "actor_email": "mahdieh.hosseini382@gmail.com", "actor_role": "admin", "target_id": "54e73230-5d5a-44af-97b9-a2bbb5d17f55", "target_email": "mahdieh.hosseini1378@gmail.com", "details": {"assigned_role": "verifier"}}
2026-06-17 11:16:27 | {"event": "login_success", "outcome": "success", "actor_id": "b8415568-9282-4fbd-85c7-0e5c31127bea", "actor_email": "mahdieh.hosseini382@gmail.com", "actor_role": "admin", "target_id": null, "target_email": null, "details": {}}
2026-06-17 11:17:26 | {"event": "admin_create_verifier", "outcome": "failure", "actor_id": "b8415568-9282-4fbd-85c7-0e5c31127bea", "actor_email": "mahdieh.hosseini382@gmail.com", "actor_role": "admin", "target_id": null, "target_email": null, "details": {"email": "mahdieh.hosseini1378@gmail.com", "reason": "A user with this email already exists"}}
2026-06-17 11:17:58 | {"event": "admin_create_verifier", "outcome": "failure", "actor_id": "b8415568-9282-4fbd-85c7-0e5c31127bea", "actor_email": "mahdieh.hosseini382@gmail.com", "actor_role": "admin", "target_id": null, "target_email": null, "details": {"email": "mahdieh.hosseini1378@gmail.com", "reason": "A user with this email already exists"}}
2026-06-17 11:24:04 | {"event": "admin_create_verifier", "outcome": "failure", "actor_id": "b8415568-9282-4fbd-85c7-0e5c31127bea", "actor_email": "mahdieh.hosseini382@gmail.com", "actor_role": "admin", "target_id": null, "target_email": null, "details": {"email": "mahdieh.hosseini1378@gmail.com", "reason": "A user with this email already exists"}}
2026-06-17 11:24:22 | {"event": "admin_create_verifier", "outcome": "success", "actor_id": "b8415568-9282-4fbd-85c7-0e5c31127bea", "actor_email": "mahdieh.hosseini382@gmail.com", "actor_role": "verifier", "target_id": "5a66dc5a-bb80-4e39-b08c-c3affcd9b050", "target_email": "mahdieh.hosseini1378@gmail.com", "details": {"assigned_role": "verifier"}}
2026-06-17 11:28:16 | {"event": "admin_create_verifier", "outcome": "success", "actor_id": "b8415568-9282-4fbd-85c7-0e5c31127bea", "actor_email": "mahdieh.hosseini382@gmail.com", "actor_role": "verifier", "target_id": "e829956a-9934-4421-87d5-6bf7c72fcb0c", "target_email": "mahdieh.hosseini1378@gmail.com", "details": {"assigned_role": "verifier"}}
2026-06-17 12:08:22 | {"event": "login_success", "outcome": "success", "actor_id": "b8415568-9282-4fbd-85c7-0e5c31127bea", "actor_email": "mahdieh.hosseini382@gmail.com", "actor_role": "admin", "target_id": null, "target_email": null, "details": {}}
2026-06-17 12:09:10 | {"event": "admin_create_verifier", "outcome": "success", "actor_id": "b8415568-9282-4fbd-85c7-0e5c31127bea", "actor_email": "mahdieh.hosseini382@gmail.com", "actor_role": "verifier", "target_id": "4151c6fa-a29d-407f-acbb-e609804d7430", "target_email": "mahdieh.hosseini1378@gmail.com", "details": {"assigned_role": "verifier"}}
2026-06-17 12:14:09 | {"event": "admin_create_verifier", "outcome": "success", "actor_id": "b8415568-9282-4fbd-85c7-0e5c31127bea", "actor_email": "mahdieh.hosseini382@gmail.com", "actor_role": "verifier", "target_id": "077733ca-1513-4c5f-8ead-2e2f738cab41", "target_email": "mahdieh.hosseini1344444444444478@gmail.com", "details": {"assigned_role": "verifier"}}
